<?xml version="1.0" encoding="UTF-8" ?>
<testsuite failures="0" time="103.168" errors="0" skipped="0" tests="30" name="com.smartfile.api.ClientTest">
  <properties>
    <property name="java.runtime.name" value="Java(TM) SE Runtime Environment"/>
    <property name="sun.boot.library.path" value="/usr/lib/jvm/java-6-oracle/jre/lib/i386"/>
    <property name="java.vm.version" value="20.14-b01"/>
    <property name="java.vm.vendor" value="Sun Microsystems Inc."/>
    <property name="java.vendor.url" value="http://java.sun.com/"/>
    <property name="path.separator" value=":"/>
    <property name="java.vm.name" value="Java HotSpot(TM) Server VM"/>
    <property name="file.encoding.pkg" value="sun.io"/>
    <property name="user.country" value="US"/>
    <property name="sun.java.launcher" value="SUN_STANDARD"/>
    <property name="sun.os.patch.level" value="unknown"/>
    <property name="java.vm.specification.name" value="Java Virtual Machine Specification"/>
    <property name="user.dir" value="/home/vadym/smartfile/JavaClient"/>
    <property name="java.runtime.version" value="1.6.0_43-b01"/>
    <property name="java.awt.graphicsenv" value="sun.awt.X11GraphicsEnvironment"/>
    <property name="basedir" value="/home/vadym/smartfile/JavaClient"/>
    <property name="java.endorsed.dirs" value="/usr/lib/jvm/java-6-oracle/jre/lib/endorsed"/>
    <property name="os.arch" value="i386"/>
    <property name="surefire.real.class.path" value="/tmp/surefirebooter6527195337869072799.jar"/>
    <property name="java.io.tmpdir" value="/tmp"/>
    <property name="line.separator" value="
"/>
    <property name="java.vm.specification.vendor" value="Sun Microsystems Inc."/>
    <property name="os.name" value="Linux"/>
    <property name="apiUrl" value="aggressor.smartfile.com"/>
    <property name="sun.jnu.encoding" value="UTF-8"/>
    <property name="java.library.path" value="/usr/lib/jvm/java-6-oracle/jre/lib/i386/server:/usr/lib/jvm/java-6-oracle/jre/lib/i386:/usr/lib/jvm/java-6-oracle/jre/../lib/i386:/usr/java/packages/lib/i386:/lib:/usr/lib"/>
    <property name="surefire.test.class.path" value="/home/vadym/smartfile/JavaClient/target/test-classes:/home/vadym/smartfile/JavaClient/target/classes:/home/vadym/.m2/repository/oauth/signpost/signpost-core/1.2.1.2/signpost-core-1.2.1.2.jar:/home/vadym/.m2/repository/commons-codec/commons-codec/1.3/commons-codec-1.3.jar:/home/vadym/.m2/repository/oauth/signpost/signpost-commonshttp4/1.2.1.2/signpost-commonshttp4-1.2.1.2.jar:/home/vadym/.m2/repository/org/apache/httpcomponents/httpcore/4.2.4/httpcore-4.2.4.jar:/home/vadym/.m2/repository/org/apache/httpcomponents/httpclient/4.2.4/httpclient-4.2.4.jar:/home/vadym/.m2/repository/commons-logging/commons-logging/1.1.1/commons-logging-1.1.1.jar:/home/vadym/.m2/repository/org/apache/commons/commons-lang3/3.1/commons-lang3-3.1.jar:/home/vadym/.m2/repository/org/apache/httpcomponents/httpmime/4.2.4/httpmime-4.2.4.jar:/home/vadym/.m2/repository/commons-io/commons-io/1.3.2/commons-io-1.3.2.jar:/home/vadym/.m2/repository/junit/junit/4.11/junit-4.11.jar:/home/vadym/.m2/repository/org/hamcrest/hamcrest-core/1.3/hamcrest-core-1.3.jar:"/>
    <property name="java.specification.name" value="Java Platform API Specification"/>
    <property name="java.class.version" value="50.0"/>
    <property name="sun.management.compiler" value="HotSpot Tiered Compilers"/>
    <property name="os.version" value="3.5.0-17-generic"/>
    <property name="user.home" value="/home/vadym"/>
    <property name="user.timezone" value="Europe/Zaporozhye"/>
    <property name="java.awt.printerjob" value="sun.print.PSPrinterJob"/>
    <property name="java.specification.version" value="1.6"/>
    <property name="file.encoding" value="UTF-8"/>
    <property name="clientKey" value="a3bd0mwRRErcIutlS2hfhAGXYHjMlb"/>
    <property name="user.name" value="vadym"/>
    <property name="java.class.path" value="/home/vadym/smartfile/JavaClient/target/test-classes:/home/vadym/smartfile/JavaClient/target/classes:/home/vadym/.m2/repository/oauth/signpost/signpost-core/1.2.1.2/signpost-core-1.2.1.2.jar:/home/vadym/.m2/repository/commons-codec/commons-codec/1.3/commons-codec-1.3.jar:/home/vadym/.m2/repository/oauth/signpost/signpost-commonshttp4/1.2.1.2/signpost-commonshttp4-1.2.1.2.jar:/home/vadym/.m2/repository/org/apache/httpcomponents/httpcore/4.2.4/httpcore-4.2.4.jar:/home/vadym/.m2/repository/org/apache/httpcomponents/httpclient/4.2.4/httpclient-4.2.4.jar:/home/vadym/.m2/repository/commons-logging/commons-logging/1.1.1/commons-logging-1.1.1.jar:/home/vadym/.m2/repository/org/apache/commons/commons-lang3/3.1/commons-lang3-3.1.jar:/home/vadym/.m2/repository/org/apache/httpcomponents/httpmime/4.2.4/httpmime-4.2.4.jar:/home/vadym/.m2/repository/commons-io/commons-io/1.3.2/commons-io-1.3.2.jar:/home/vadym/.m2/repository/junit/junit/4.11/junit-4.11.jar:/home/vadym/.m2/repository/org/hamcrest/hamcrest-core/1.3/hamcrest-core-1.3.jar:"/>
    <property name="clientSecret" value="FV59nQWoZ0MQzTC3ahSTIRPB3lTSvS"/>
    <property name="java.vm.specification.version" value="1.0"/>
    <property name="sun.arch.data.model" value="32"/>
    <property name="java.home" value="/usr/lib/jvm/java-6-oracle/jre"/>
    <property name="sun.java.command" value="/tmp/surefirebooter6527195337869072799.jar /tmp/surefire2867995952210913300tmp /tmp/surefire3915494443090553303tmp"/>
    <property name="java.specification.vendor" value="Sun Microsystems Inc."/>
    <property name="user.language" value="en"/>
    <property name="java.vm.info" value="mixed mode"/>
    <property name="java.version" value="1.6.0_43"/>
    <property name="java.ext.dirs" value="/usr/lib/jvm/java-6-oracle/jre/lib/ext:/usr/java/packages/lib/ext"/>
    <property name="sun.boot.class.path" value="/usr/lib/jvm/java-6-oracle/jre/lib/resources.jar:/usr/lib/jvm/java-6-oracle/jre/lib/rt.jar:/usr/lib/jvm/java-6-oracle/jre/lib/sunrsasign.jar:/usr/lib/jvm/java-6-oracle/jre/lib/jsse.jar:/usr/lib/jvm/java-6-oracle/jre/lib/jce.jar:/usr/lib/jvm/java-6-oracle/jre/lib/charsets.jar:/usr/lib/jvm/java-6-oracle/jre/lib/modules/jdk.boot.jar:/usr/lib/jvm/java-6-oracle/jre/classes"/>
    <property name="java.vendor" value="Sun Microsystems Inc."/>
    <property name="localRepository" value="/home/vadym/.m2/repository"/>
    <property name="file.separator" value="/"/>
    <property name="java.vendor.url.bug" value="http://java.sun.com/cgi-bin/bugreport.cgi"/>
    <property name="sun.cpu.endian" value="little"/>
    <property name="sun.io.unicode.encoding" value="UnicodeLittle"/>
    <property name="sun.desktop" value="gnome"/>
    <property name="sun.cpu.isalist" value=""/>
  </properties>
  <testcase time="3.532" classname="com.smartfile.api.ClientTest" name="testCheckSum"/>
  <testcase time="0.874" classname="com.smartfile.api.ClientTest" name="testAccessPath"/>
  <testcase time="6.798" classname="com.smartfile.api.ClientTest" name="testAccessUser"/>
  <testcase time="3.386" classname="com.smartfile.api.ClientTest" name="testSearchUser"/>
  <testcase time="0.955" classname="com.smartfile.api.ClientTest" name="testSearchGroup"/>
  <testcase time="0.876" classname="com.smartfile.api.ClientTest" name="testGroup"/>
  <testcase time="0.929" classname="com.smartfile.api.ClientTest" name="testMkdir"/>
  <testcase time="5.163" classname="com.smartfile.api.ClientTest" name="testWatch"/>
  <testcase time="3.805" classname="com.smartfile.api.ClientTest" name="testCopy"/>
  <testcase time="3.862" classname="com.smartfile.api.ClientTest" name="testMove"/>
  <testcase time="0.834" classname="com.smartfile.api.ClientTest" name="testPing"/>
  <testcase time="0.872" classname="com.smartfile.api.ClientTest" name="testRole"/>
  <testcase time="3.48" classname="com.smartfile.api.ClientTest" name="testUser"/>
  <testcase time="1.296" classname="com.smartfile.api.ClientTest" name="testActivity"/>
  <testcase time="1.946" classname="com.smartfile.api.ClientTest" name="testUserPreferences"/>
  <testcase time="15.797" classname="com.smartfile.api.ClientTest" name="testGroupAccess"/>
  <testcase time="2.31" classname="com.smartfile.api.ClientTest" name="testSitePreferences"/>
  <testcase time="1.959" classname="com.smartfile.api.ClientTest" name="testProgress"/>
  <testcase time="2.927" classname="com.smartfile.api.ClientTest" name="testComperss"/>
  <testcase time="5.196" classname="com.smartfile.api.ClientTest" name="testWatchPath"/>
  <testcase time="10.622" classname="com.smartfile.api.ClientTest" name="testGroupWatch"/>
  <testcase time="0" classname="com.smartfile.api.ClientTest" name="testSetApiUrl"/>
  <testcase time="1.163" classname="com.smartfile.api.ClientTest" name="testFileUpload"/>
  <testcase time="10.008" classname="com.smartfile.api.ClientTest" name="testFileDownload"/>
  <testcase time="0.86" classname="com.smartfile.api.ClientTest" name="testPreferences"/>
  <testcase time="0.854" classname="com.smartfile.api.ClientTest" name="testSession"/>
  <testcase time="3.019" classname="com.smartfile.api.ClientTest" name="testRemove"/>
  <testcase time="1.883" classname="com.smartfile.api.ClientTest" name="testRename"/>
  <testcase time="7.027" classname="com.smartfile.api.ClientTest" name="testSearch"/>
  <testcase time="0.925" classname="com.smartfile.api.ClientTest" name="testPathInfo"/>
</testsuite>